[05-Feb-2025 06:11:12 UTC] PHP Parse error:  syntax error, unexpected token "}", expecting "," or ";" in C:\Users\Dell\Local Sites\fictional-university\app\public\wp-content\themes\fictional-university-theme\index.php on line 6
[05-Feb-2025 07:32:34 UTC] PHP Parse error:  syntax error, unexpected token "<" in C:\Users\Dell\Local Sites\fictional-university\app\public\wp-content\themes\fictional-university-theme\index.php on line 24
[05-Feb-2025 07:32:36 UTC] PHP Parse error:  syntax error, unexpected token "<" in C:\Users\Dell\Local Sites\fictional-university\app\public\wp-content\themes\fictional-university-theme\index.php on line 24
[05-Feb-2025 07:32:39 UTC] PHP Parse error:  syntax error, unexpected token "<" in C:\Users\Dell\Local Sites\fictional-university\app\public\wp-content\themes\fictional-university-theme\index.php on line 24
[05-Feb-2025 07:32:56 UTC] PHP Parse error:  syntax error, unexpected token ";" in C:\Users\Dell\Local Sites\fictional-university\app\public\wp-content\themes\fictional-university-theme\index.php on line 24
[05-Feb-2025 07:37:38 UTC] PHP Fatal error:  Uncaught Error: Call to undefined function length() in C:\Users\Dell\Local Sites\fictional-university\app\public\wp-content\themes\fictional-university-theme\index.php:22
Stack trace:
#0 C:\Users\Dell\Local Sites\fictional-university\app\public\wp-includes\template-loader.php(106): include()
#1 C:\Users\Dell\Local Sites\fictional-university\app\public\wp-blog-header.php(19): require_once('C:\\Users\\Dell\\L...')
#2 C:\Users\Dell\Local Sites\fictional-university\app\public\index.php(17): require('C:\\Users\\Dell\\L...')
#3 {main}
  thrown in C:\Users\Dell\Local Sites\fictional-university\app\public\wp-content\themes\fictional-university-theme\index.php on line 22
[05-Feb-2025 08:08:29 UTC] PHP Fatal error:  Uncaught Error: Call to undefined function have_post() in C:\Users\Dell\Local Sites\fictional-university\app\public\wp-content\themes\fictional-university-theme\index.php:33
Stack trace:
#0 C:\Users\Dell\Local Sites\fictional-university\app\public\wp-includes\template-loader.php(106): include()
#1 C:\Users\Dell\Local Sites\fictional-university\app\public\wp-blog-header.php(19): require_once('C:\\Users\\Dell\\L...')
#2 C:\Users\Dell\Local Sites\fictional-university\app\public\index.php(17): require('C:\\Users\\Dell\\L...')
#3 {main}
  thrown in C:\Users\Dell\Local Sites\fictional-university\app\public\wp-content\themes\fictional-university-theme\index.php on line 33
[06-Feb-2025 08:03:06 UTC] PHP Parse error:  syntax error, unexpected identifier "wp_enqueue_style" in C:\Users\Dell\Local Sites\fictional-university\app\public\wp-content\themes\fictional-university-theme\functions.php on line 7
[06-Feb-2025 08:03:06 UTC] PHP Warning:  Trying to access array offset on value of type bool in C:\Users\Dell\Local Sites\fictional-university\app\public\wp-includes\class-wp-recovery-mode-email-service.php on line 367
[06-Feb-2025 08:03:06 UTC] PHP Warning:  Trying to access array offset on value of type bool in C:\Users\Dell\Local Sites\fictional-university\app\public\wp-includes\class-wp-recovery-mode-email-service.php on line 368
[06-Feb-2025 08:05:07 UTC] PHP Parse error:  syntax error, unexpected identifier "wp_enqueue_style" in C:\Users\Dell\Local Sites\fictional-university\app\public\wp-content\themes\fictional-university-theme\functions.php on line 7
[06-Feb-2025 08:07:08 UTC] PHP Parse error:  syntax error, unexpected identifier "wp_enqueue_style" in C:\Users\Dell\Local Sites\fictional-university\app\public\wp-content\themes\fictional-university-theme\functions.php on line 7
[06-Feb-2025 08:09:09 UTC] PHP Parse error:  syntax error, unexpected identifier "wp_enqueue_style" in C:\Users\Dell\Local Sites\fictional-university\app\public\wp-content\themes\fictional-university-theme\functions.php on line 7
[06-Feb-2025 08:11:10 UTC] PHP Parse error:  syntax error, unexpected identifier "wp_enqueue_style" in C:\Users\Dell\Local Sites\fictional-university\app\public\wp-content\themes\fictional-university-theme\functions.php on line 7
[06-Feb-2025 08:13:11 UTC] PHP Parse error:  syntax error, unexpected identifier "wp_enqueue_style" in C:\Users\Dell\Local Sites\fictional-university\app\public\wp-content\themes\fictional-university-theme\functions.php on line 7
[06-Feb-2025 08:15:12 UTC] PHP Parse error:  syntax error, unexpected identifier "wp_enqueue_style" in C:\Users\Dell\Local Sites\fictional-university\app\public\wp-content\themes\fictional-university-theme\functions.php on line 7
[06-Feb-2025 08:17:13 UTC] PHP Parse error:  syntax error, unexpected identifier "wp_enqueue_style" in C:\Users\Dell\Local Sites\fictional-university\app\public\wp-content\themes\fictional-university-theme\functions.php on line 7
[06-Feb-2025 08:19:14 UTC] PHP Parse error:  syntax error, unexpected identifier "wp_enqueue_style" in C:\Users\Dell\Local Sites\fictional-university\app\public\wp-content\themes\fictional-university-theme\functions.php on line 7
